[2021/06/07 16:18:24] - Namespace(resume=False, sess='default', seed=70082353, batch_size=8, epochs=20, image_size=28, data_directory='mnist_dis')
[2021/06/07 16:18:24] - Epoch 	 Seconds 	 	 Train Loss 	 Train Acc
[2021/06/07 16:18:37] -     0 	    12.6 	 	    12.6660 	   45.3233
[2021/06/07 16:18:49] -     1 	    12.2 	 	    10.2490 	   56.7150
[2021/06/07 16:19:01] -     2 	    12.6 	 	     9.6140 	   60.0050
[2021/06/07 16:19:14] -     3 	    12.5 	 	     9.1935 	   61.5017
[2021/06/07 16:19:26] -     4 	    12.3 	 	     8.9223 	   63.2550
[2021/06/07 16:19:38] -     5 	    12.3 	 	     8.8087 	   64.0017
[2021/06/07 16:19:51] -     6 	    12.2 	 	     8.7055 	   64.4300
[2021/06/07 16:20:03] -     7 	    12.7 	 	     8.5792 	   64.6900
[2021/06/07 16:20:16] -     8 	    12.4 	 	     8.4759 	   65.1750
[2021/06/07 16:20:28] -     9 	    12.2 	 	     8.4398 	   65.6633
[2021/06/07 16:20:41] -    10 	    12.7 	 	     8.3674 	   65.8383
[2021/06/07 16:20:53] -    11 	    12.3 	 	     8.2884 	   66.2683
[2021/06/07 16:21:06] -    12 	    12.7 	 	     8.2648 	   66.2333
[2021/06/07 16:21:18] -    13 	    12.3 	 	     8.1960 	   66.3700
[2021/06/07 16:21:30] -    14 	    12.5 	 	     8.1655 	   66.6700
[2021/06/07 16:21:43] -    15 	    12.2 	 	     8.2255 	   66.6583
[2021/06/07 16:21:55] -    16 	    12.4 	 	     8.1088 	   66.9083
[2021/06/07 16:22:07] -    17 	    12.5 	 	     8.1123 	   66.7650
[2021/06/07 16:22:20] -    18 	    12.6 	 	     8.1147 	   67.0783
[2021/06/07 16:22:33] -    19 	    12.6 	 	     8.0414 	   67.3100
[2021/06/07 16:22:33] - Total train time: 4.1453 minutes
[2021/06/07 16:22:33] - Test Loss 	 Test Acc
[2021/06/07 16:22:34] -    4.5221 	  83.4300
