[2021/06/07 05:18:47] - <__main__.opts object at 0x7f127022d940>
[2021/06/07 05:18:47] - Epoch 	 Seconds 	 	 Train Loss 	 Train Acc
[2021/06/07 05:18:59] -     0 	    12.3 	 	    46.4049 	   76.2307
[2021/06/07 05:19:11] -     1 	    12.0 	 	    26.1742 	   86.9964
[2021/06/07 05:19:23] -     2 	    11.8 	 	    21.5673 	   89.3010
[2021/06/07 05:19:35] -     3 	    12.1 	 	    19.0031 	   90.6333
[2021/06/07 05:19:48] -     4 	    12.1 	 	    17.2483 	   91.5438
[2021/06/07 05:20:00] -     5 	    12.3 	 	    15.8606 	   92.1241
[2021/06/07 05:20:12] -     6 	    12.1 	 	    14.7861 	   92.6427
[2021/06/07 05:20:24] -     7 	    11.6 	 	    13.4446 	   93.1697
[2021/06/07 05:20:36] -     8 	    11.9 	 	    12.6201 	   93.6966
[2021/06/07 05:20:49] -     9 	    12.3 	 	    12.0666 	   93.9368
[2021/06/07 05:21:02] -    10 	    12.9 	 	    11.2561 	   94.3470
[2021/06/07 05:21:14] -    11 	    11.8 	 	    10.5670 	   94.5738
[2021/06/07 05:21:26] -    12 	    11.9 	 	    10.0082 	   94.8606
[2021/06/07 05:21:38] -    13 	    12.2 	 	     9.3007 	   95.2408
[2021/06/07 05:21:51] -    14 	    12.0 	 	     8.7316 	   95.5643
[2021/06/07 05:22:03] -    15 	    12.1 	 	     8.4114 	   95.5626
[2021/06/07 05:22:15] -    16 	    11.8 	 	     7.7905 	   95.9428
[2021/06/07 05:22:27] -    17 	    12.4 	 	     7.5033 	   96.1363
[2021/06/07 05:22:40] -    18 	    12.3 	 	     7.0120 	   96.3064
[2021/06/07 05:22:53] -    19 	    12.8 	 	     6.8645 	   96.3547
[2021/06/07 05:23:05] -    20 	    12.1 	 	     6.3513 	   96.6449
[2021/06/07 05:23:17] -    21 	    12.5 	 	     6.0880 	   96.8166
[2021/06/07 05:23:29] -    22 	    11.9 	 	     5.9035 	   96.9067
[2021/06/07 05:23:41] -    23 	    12.0 	 	     5.6233 	   97.0584
[2021/06/07 05:23:54] -    24 	    12.2 	 	     5.1780 	   97.3052
[2021/06/07 05:23:54] - Total train time: 5.1247 minutes
[2021/06/07 05:23:54] - Test Loss 	 Test Acc
[2021/06/07 05:23:55] -   16.0047 	  93.7800
