[2021/06/07 21:04:18] - Namespace(resume=False, sess='ex7', seed=70082353, batch_size=64, epochs=20, n_grid_density=4, image_size=28, data_directory='./mnist_png/', output_directory='./mnist_stn', dataset1_name='MNIST', dataset2_name='MNIST enhanced by STN')
[2021/06/07 21:04:18] - Epoch 	 Seconds 	 	 Train Loss 	 Train Acc
[2021/06/07 21:04:23] -     0 	     5.0 	 	    24.7295 	   88.3071
[2021/06/07 21:04:28] -     1 	     4.6 	 	     9.3090 	   96.2763
[2021/06/07 21:04:33] -     2 	     4.6 	 	     6.9887 	   97.1852
[2021/06/07 21:04:37] -     3 	     4.8 	 	     6.3217 	   97.4620
[2021/06/07 21:04:42] -     4 	     4.8 	 	     5.7531 	   97.6904
[2021/06/07 21:04:47] -     5 	     4.8 	 	     5.7131 	   97.8205
[2021/06/07 21:04:52] -     6 	     4.6 	 	     4.9078 	   98.0323
[2021/06/07 21:04:56] -     7 	     4.4 	 	     4.7342 	   98.1190
[2021/06/07 21:05:01] -     8 	     4.6 	 	     4.5873 	   98.2057
[2021/06/07 21:05:05] -     9 	     4.5 	 	     4.2749 	   98.2207
[2021/06/07 21:05:10] -    10 	     4.6 	 	     4.3030 	   98.2541
[2021/06/07 21:05:15] -    11 	     4.8 	 	     4.0769 	   98.3091
[2021/06/07 21:05:19] -    12 	     4.5 	 	     4.0525 	   98.3875
[2021/06/07 21:05:24] -    13 	     4.3 	 	     3.9428 	   98.4108
[2021/06/07 21:05:28] -    14 	     5.0 	 	     3.4728 	   98.5759
[2021/06/07 21:05:33] -    15 	     4.5 	 	     3.7311 	   98.4575
[2021/06/07 21:05:37] -    16 	     4.4 	 	     4.0283 	   98.4041
[2021/06/07 21:05:42] -    17 	     4.4 	 	     3.6284 	   98.5809
[2021/06/07 21:05:46] -    18 	     4.6 	 	     3.2634 	   98.6776
[2021/06/07 21:05:51] -    19 	     4.4 	 	     3.3204 	   98.6810
[2021/06/07 21:05:51] - Total train time: 1.5422 minutes
[2021/06/07 21:05:51] - Test Loss 	 Test Acc
[2021/06/07 21:05:52] -    2.5573 	  99.0385
