[2021/06/07 10:50:08] - <__main__.opts object at 0x7f6e1de846d0>
[2021/06/07 10:50:08] - Epoch 	 Seconds 	 	 Train Loss 	 Train Acc
[2021/06/07 10:50:19] -     0 	    10.9 	 	    24.8551 	   87.6584
[2021/06/07 10:50:30] -     1 	    10.1 	 	    11.6242 	   94.3353
[2021/06/07 10:50:41] -     2 	    10.8 	 	     9.0554 	   95.5926
[2021/06/07 10:50:51] -     3 	    10.4 	 	     7.4725 	   96.3514
[2021/06/07 10:51:02] -     4 	    10.4 	 	     6.5567 	   96.7216
[2021/06/07 10:51:12] -     5 	    10.3 	 	     5.6364 	   97.1451
[2021/06/07 10:51:22] -     6 	    10.2 	 	     4.9449 	   97.5470
[2021/06/07 10:51:33] -     7 	    10.3 	 	     4.4776 	   97.7588
[2021/06/07 10:51:44] -     8 	    10.3 	 	     3.8931 	   98.0723
[2021/06/07 10:51:54] -     9 	    10.3 	 	     3.3011 	   98.3108
[2021/06/07 10:52:04] -    10 	    10.2 	 	     3.0510 	   98.4075
[2021/06/07 10:52:15] -    11 	    10.6 	 	     2.5891 	   98.6710
[2021/06/07 10:52:26] -    12 	    10.5 	 	     2.4459 	   98.7643
[2021/06/07 10:52:36] -    13 	    10.3 	 	     1.9813 	   98.9678
[2021/06/07 10:52:47] -    14 	    10.5 	 	     2.0796 	   98.9128
[2021/06/07 10:52:57] -    15 	    10.6 	 	     1.8524 	   99.0328
[2021/06/07 10:53:08] -    16 	    10.6 	 	     1.5368 	   99.2062
[2021/06/07 10:53:19] -    17 	    10.6 	 	     1.5771 	   99.1646
[2021/06/07 10:53:29] -    18 	    10.3 	 	     1.3653 	   99.3230
[2021/06/07 10:53:39] -    19 	    10.2 	 	     1.2579 	   99.3447
[2021/06/07 10:53:39] - Total train time: 3.5149 minutes
[2021/06/07 10:53:39] - Test Loss 	 Test Acc
[2021/06/07 10:53:40] -    7.7808 	  97.1354
