[2021/06/07 10:08:44] - <__main__.opts object at 0x7ff50c641a00>
[2021/06/07 10:08:44] - Epoch 	 Seconds 	 	 Train Loss 	 Train Acc
[2021/06/07 10:08:49] -     0 	     4.9 	 	    79.4576 	   58.8414
[2021/06/07 10:08:54] -     1 	     5.0 	 	    42.9003 	   79.6992
[2021/06/07 10:08:59] -     2 	     5.0 	 	    35.7606 	   83.3778
[2021/06/07 10:09:04] -     3 	     4.9 	 	    31.6642 	   85.2855
[2021/06/07 10:09:09] -     4 	     4.8 	 	    30.2843 	   86.0159
[2021/06/07 10:09:14] -     5 	     5.0 	 	    28.8501 	   86.5345
[2021/06/07 10:09:18] -     6 	     4.5 	 	    27.3030 	   87.1848
[2021/06/07 10:09:23] -     7 	     5.1 	 	    26.2928 	   87.9519
[2021/06/07 10:09:28] -     8 	     4.8 	 	    26.4755 	   87.6367
[2021/06/07 10:09:33] -     9 	     4.9 	 	    25.4081 	   88.1937
[2021/06/07 10:09:38] -    10 	     5.1 	 	    24.9239 	   88.4789
[2021/06/07 10:09:43] -    11 	     4.6 	 	    24.7467 	   88.5255
[2021/06/07 10:09:47] -    12 	     4.8 	 	    23.9769 	   88.9458
[2021/06/07 10:09:52] -    13 	     4.8 	 	    23.8629 	   89.0742
[2021/06/07 10:09:57] -    14 	     4.8 	 	    23.5377 	   89.0475
[2021/06/07 10:10:02] -    15 	     4.6 	 	    23.0544 	   89.3160
[2021/06/07 10:10:07] -    16 	     5.0 	 	    22.8816 	   89.2993
[2021/06/07 10:10:12] -    17 	     5.0 	 	    22.7181 	   89.5094
[2021/06/07 10:10:17] -    18 	     4.7 	 	    22.1319 	   89.7846
[2021/06/07 10:10:22] -    19 	     5.1 	 	    22.1347 	   89.8379
[2021/06/07 10:10:22] - Total train time: 1.6265 minutes
[2021/06/07 10:10:22] - Test Loss 	 Test Acc
[2021/06/07 10:10:22] -    8.5927 	  95.8734
