[2021/06/07 12:14:22] - <__main__.opts object at 0x7f384416ba90>
[2021/06/07 12:14:22] - Epoch 	 Seconds 	 	 Train Loss 	 Train Acc
[2021/06/07 12:14:27] -     0 	     5.2 	 	    99.1362 	   47.2085
[2021/06/07 12:14:32] -     1 	     5.1 	 	    64.8738 	   67.8845
[2021/06/07 12:14:37] -     2 	     4.9 	 	    55.1820 	   73.0823
[2021/06/07 12:14:42] -     3 	     4.8 	 	    51.1142 	   75.2151
[2021/06/07 12:14:47] -     4 	     4.9 	 	    48.7083 	   76.4691
[2021/06/07 12:14:52] -     5 	     4.7 	 	    46.6952 	   77.6214
[2021/06/07 12:14:57] -     6 	     5.0 	 	    45.2820 	   78.3451
[2021/06/07 12:15:02] -     7 	     4.8 	 	    44.3741 	   78.7520
[2021/06/07 12:15:07] -     8 	     5.1 	 	    43.3232 	   79.3573
[2021/06/07 12:15:11] -     9 	     4.6 	 	    42.8047 	   79.3823
[2021/06/07 12:15:16] -    10 	     4.9 	 	    42.1156 	   79.9426
[2021/06/07 12:15:21] -    11 	     5.0 	 	    41.8709 	   80.0810
[2021/06/07 12:15:26] -    12 	     4.9 	 	    41.4524 	   80.1844
[2021/06/07 12:15:31] -    13 	     5.0 	 	    40.8384 	   80.5530
[2021/06/07 12:15:36] -    14 	     5.0 	 	    40.6748 	   80.5947
[2021/06/07 12:15:41] -    15 	     4.9 	 	    39.9840 	   81.0366
[2021/06/07 12:15:45] -    16 	     4.4 	 	    39.5121 	   81.0899
[2021/06/07 12:15:50] -    17 	     4.9 	 	    39.6431 	   81.0482
[2021/06/07 12:15:55] -    18 	     5.1 	 	    38.9946 	   81.4518
[2021/06/07 12:16:00] -    19 	     5.1 	 	    39.0182 	   81.3250
[2021/06/07 12:16:00] - Total train time: 1.6402 minutes
[2021/06/07 12:16:00] - Test Loss 	 Test Acc
[2021/06/07 12:16:01] -   19.5142 	  90.2845
