[2021/06/07 10:42:26] - <__main__.opts object at 0x7fc046646d00>
[2021/06/07 10:42:26] - Epoch 	 Seconds 	 	 Train Loss 	 Train Acc
[2021/06/07 10:42:39] -     0 	    12.4 	 	    26.9364 	   86.7079
[2021/06/07 10:42:51] -     1 	    12.1 	 	    11.8014 	   94.2786
[2021/06/07 10:43:03] -     2 	    12.1 	 	     9.2949 	   95.5309
[2021/06/07 10:43:16] -     3 	    12.5 	 	     8.1511 	   96.0212
[2021/06/07 10:43:29] -     4 	    12.5 	 	     7.1274 	   96.5281
[2021/06/07 10:43:41] -     5 	    12.2 	 	     6.4412 	   96.7983
[2021/06/07 10:43:54] -     6 	    12.3 	 	     5.6058 	   97.2569
[2021/06/07 10:44:06] -     7 	    12.5 	 	     5.0263 	   97.5537
[2021/06/07 10:44:19] -     8 	    12.0 	 	     4.6227 	   97.7388
[2021/06/07 10:44:31] -     9 	    12.5 	 	     3.8142 	   98.0173
[2021/06/07 10:44:44] -    10 	    12.2 	 	     3.5408 	   98.2224
[2021/06/07 10:44:56] -    11 	    12.5 	 	     2.9990 	   98.4592
[2021/06/07 10:45:09] -    12 	    12.3 	 	     2.6893 	   98.6376
[2021/06/07 10:45:22] -    13 	    12.8 	 	     2.5304 	   98.6593
[2021/06/07 10:45:34] -    14 	    12.1 	 	     2.1495 	   98.8277
[2021/06/07 10:45:46] -    15 	    12.3 	 	     1.9807 	   98.9811
[2021/06/07 10:45:59] -    16 	    12.0 	 	     1.9783 	   98.9878
[2021/06/07 10:46:11] -    17 	    12.7 	 	     1.8906 	   99.0395
[2021/06/07 10:46:24] -    18 	    12.3 	 	     1.3199 	   99.3180
[2021/06/07 10:46:36] -    19 	    12.3 	 	     1.2919 	   99.3013
[2021/06/07 10:46:36] - Total train time: 4.1600 minutes
[2021/06/07 10:46:36] - Test Loss 	 Test Acc
[2021/06/07 10:46:37] -    7.2070 	  97.4659
