[2021/06/07 12:23:59] - <__main__.opts object at 0x7f084cab2a00>
[2021/06/07 12:23:59] - Epoch 	 Seconds 	 	 Train Loss 	 Train Acc
[2021/06/07 12:24:02] -     0 	     2.8 	 	   107.4162 	   41.9007
[2021/06/07 12:24:04] -     1 	     2.6 	 	    82.0067 	   57.2705
[2021/06/07 12:24:07] -     2 	     2.5 	 	    74.0205 	   61.6612
[2021/06/07 12:24:09] -     3 	     2.5 	 	    69.5777 	   64.3093
[2021/06/07 12:24:12] -     4 	     2.5 	 	    66.9717 	   65.9035
[2021/06/07 12:24:14] -     5 	     2.5 	 	    64.9880 	   67.1341
[2021/06/07 12:24:17] -     6 	     2.5 	 	    63.5550 	   67.9963
[2021/06/07 12:24:20] -     7 	     2.6 	 	    62.3731 	   68.3765
[2021/06/07 12:24:22] -     8 	     2.6 	 	    61.3784 	   69.2169
[2021/06/07 12:24:25] -     9 	     2.6 	 	    60.2700 	   69.4337
[2021/06/07 12:24:27] -    10 	     2.6 	 	    59.6762 	   69.8256
[2021/06/07 12:24:30] -    11 	     2.6 	 	    59.4620 	   70.2458
[2021/06/07 12:24:32] -    12 	     2.5 	 	    58.3004 	   70.7027
[2021/06/07 12:24:35] -    13 	     2.5 	 	    58.0893 	   70.8261
[2021/06/07 12:24:38] -    14 	     2.6 	 	    57.6324 	   70.9095
[2021/06/07 12:24:40] -    15 	     2.6 	 	    56.5740 	   71.4881
[2021/06/07 12:24:43] -    16 	     2.6 	 	    56.4949 	   71.7249
[2021/06/07 12:24:45] -    17 	     2.6 	 	    56.3568 	   71.7082
[2021/06/07 12:24:48] -    18 	     2.5 	 	    55.9305 	   71.8783
[2021/06/07 12:24:50] -    19 	     2.5 	 	    55.4577 	   72.1635
[2021/06/07 12:24:50] - Total train time: 0.8574 minutes
[2021/06/07 12:24:50] - Test Loss 	 Test Acc
[2021/06/07 12:24:51] -   30.3048 	  85.8974
