[2021/06/07 14:20:31] - <__main__.opts object at 0x7f28c2a8e970>
[2021/06/07 14:20:31] - Epoch 	 Seconds 	 	 Train Loss 	 Train Acc
[2021/06/07 14:20:36] -     0 	     4.9 	 	    95.4115 	   49.3530
[2021/06/07 14:20:41] -     1 	     5.1 	 	    61.9497 	   69.2586
[2021/06/07 14:20:46] -     2 	     5.1 	 	    53.6659 	   73.8294
[2021/06/07 14:20:51] -     3 	     4.6 	 	    49.6226 	   76.1273
[2021/06/07 14:20:56] -     4 	     5.1 	 	    47.5135 	   77.2329
[2021/06/07 14:21:01] -     5 	     4.7 	 	    45.5551 	   78.2651
[2021/06/07 14:21:06] -     6 	     4.7 	 	    43.6988 	   78.8987
[2021/06/07 14:21:10] -     7 	     4.7 	 	    43.1372 	   79.4807
[2021/06/07 14:21:15] -     8 	     4.9 	 	    41.9486 	   80.2144
[2021/06/07 14:21:20] -     9 	     5.1 	 	    41.6710 	   80.2711
[2021/06/07 14:21:26] -    10 	     5.2 	 	    40.1885 	   80.8948
[2021/06/07 14:21:30] -    11 	     4.8 	 	    40.3595 	   80.6497
[2021/06/07 14:21:35] -    12 	     5.0 	 	    40.3164 	   80.9598
[2021/06/07 14:21:40] -    13 	     4.7 	 	    39.7928 	   81.2733
[2021/06/07 14:21:45] -    14 	     4.7 	 	    38.5081 	   81.6469
[2021/06/07 14:21:49] -    15 	     4.6 	 	    38.7471 	   81.6919
[2021/06/07 14:21:54] -    16 	     5.0 	 	    38.4602 	   81.6952
[2021/06/07 14:21:59] -    17 	     4.7 	 	    38.1751 	   81.8570
[2021/06/07 14:22:03] -    18 	     4.5 	 	    38.2464 	   81.7719
[2021/06/07 14:22:08] -    19 	     4.8 	 	    37.8466 	   82.1305
[2021/06/07 14:22:08] - Total train time: 1.6157 minutes
[2021/06/07 14:22:08] - Test Loss 	 Test Acc
[2021/06/07 14:22:09] -   18.3707 	  91.1458
