[2021/06/07 10:17:09] - <__main__.opts object at 0x7f62e83d2850>
[2021/06/07 10:17:09] - Epoch 	 Seconds 	 	 Train Loss 	 Train Acc
[2021/06/07 10:17:12] -     0 	     2.8 	 	    86.6892 	   54.5858
[2021/06/07 10:17:14] -     1 	     2.5 	 	    59.6779 	   69.8289
[2021/06/07 10:17:17] -     2 	     2.5 	 	    52.7795 	   73.8160
[2021/06/07 10:17:19] -     3 	     2.5 	 	    48.5284 	   76.1439
[2021/06/07 10:17:22] -     4 	     2.5 	 	    46.0531 	   77.5213
[2021/06/07 10:17:24] -     5 	     2.5 	 	    44.3865 	   78.0583
[2021/06/07 10:17:27] -     6 	     2.5 	 	    43.0800 	   78.8220
[2021/06/07 10:17:29] -     7 	     2.5 	 	    42.0470 	   79.5074
[2021/06/07 10:17:32] -     8 	     2.6 	 	    41.3134 	   79.8092
[2021/06/07 10:17:34] -     9 	     2.6 	 	    40.6123 	   80.2128
[2021/06/07 10:17:37] -    10 	     2.6 	 	    40.1214 	   80.4779
[2021/06/07 10:17:40] -    11 	     2.5 	 	    39.5719 	   80.6947
[2021/06/07 10:17:42] -    12 	     2.6 	 	    38.7330 	   81.0949
[2021/06/07 10:17:45] -    13 	     2.5 	 	    38.2677 	   81.1933
[2021/06/07 10:17:47] -    14 	     2.5 	 	    37.9208 	   81.6502
[2021/06/07 10:17:50] -    15 	     2.5 	 	    37.8176 	   81.6602
[2021/06/07 10:17:52] -    16 	     2.6 	 	    37.5076 	   81.7536
[2021/06/07 10:17:55] -    17 	     2.6 	 	    36.9123 	   82.0421
[2021/06/07 10:17:57] -    18 	     2.6 	 	    36.6637 	   82.1438
[2021/06/07 10:18:00] -    19 	     2.5 	 	    36.8126 	   82.0287
[2021/06/07 10:18:00] - Total train time: 0.8522 minutes
[2021/06/07 10:18:00] - Test Loss 	 Test Acc
[2021/06/07 10:18:01] -   16.2179 	  92.1474
