[2021/06/07 10:20:28] - <__main__.opts object at 0x7f20fe786940>
[2021/06/07 10:20:28] - Epoch 	 Seconds 	 	 Train Loss 	 Train Acc
[2021/06/07 10:20:33] -     0 	     4.6 	 	    72.8311 	   62.3016
[2021/06/07 10:20:37] -     1 	     4.3 	 	    40.1742 	   81.0316
[2021/06/07 10:20:41] -     2 	     4.2 	 	    34.6962 	   83.7130
[2021/06/07 10:20:45] -     3 	     4.3 	 	    31.0932 	   85.3489
[2021/06/07 10:20:50] -     4 	     4.3 	 	    29.7363 	   86.1860
[2021/06/07 10:20:54] -     5 	     4.1 	 	    28.6946 	   86.9447
[2021/06/07 10:20:58] -     6 	     4.1 	 	    27.3180 	   87.3933
[2021/06/07 10:21:02] -     7 	     4.0 	 	    26.9031 	   87.5650
[2021/06/07 10:21:06] -     8 	     4.3 	 	    25.5183 	   88.1537
[2021/06/07 10:21:10] -     9 	     3.8 	 	    25.2927 	   88.2671
[2021/06/07 10:21:14] -    10 	     4.1 	 	    25.3708 	   88.3605
[2021/06/07 10:21:19] -    11 	     4.2 	 	    24.5907 	   88.6890
[2021/06/07 10:21:23] -    12 	     4.0 	 	    24.2203 	   88.8957
[2021/06/07 10:21:27] -    13 	     4.0 	 	    24.3120 	   88.8357
[2021/06/07 10:21:31] -    14 	     4.1 	 	    23.7345 	   89.0408
[2021/06/07 10:21:35] -    15 	     4.2 	 	    23.5196 	   89.1542
[2021/06/07 10:21:39] -    16 	     4.2 	 	    23.4110 	   89.2159
[2021/06/07 10:21:43] -    17 	     4.1 	 	    23.1608 	   89.2576
[2021/06/07 10:21:47] -    18 	     4.2 	 	    23.1251 	   89.2960
[2021/06/07 10:21:51] -    19 	     4.1 	 	    22.7404 	   89.5861
[2021/06/07 10:21:51] - Total train time: 1.3896 minutes
[2021/06/07 10:21:51] - Test Loss 	 Test Acc
[2021/06/07 10:21:52] -    8.8862 	  95.6130
