[2021/06/07 21:00:57] - Namespace(resume=False, sess='ex8', seed=70082353, batch_size=64, epochs=20, n_grid_density=4, image_size=28, data_directory='./mnist_dis', output_directory='./mnist_stn', dataset1_name='Distorted MNIST', dataset2_name='Distorted MNIST enhanced by STN')
[2021/06/07 21:00:57] - Epoch 	 Seconds 	 	 Train Loss 	 Train Acc
[2021/06/07 21:01:02] -     0 	     4.9 	 	    84.8239 	   55.4262
[2021/06/07 21:01:06] -     1 	     4.7 	 	    49.4664 	   76.6509
[2021/06/07 21:01:11] -     2 	     4.9 	 	    42.5403 	   80.4029
[2021/06/07 21:01:16] -     3 	     4.8 	 	    38.2155 	   82.7108
[2021/06/07 21:01:21] -     4 	     4.7 	 	    35.0395 	   84.2349
[2021/06/07 21:01:25] -     5 	     4.7 	 	    34.1433 	   84.7219
[2021/06/07 21:01:30] -     6 	     4.9 	 	    32.5071 	   85.3439
[2021/06/07 21:01:35] -     7 	     4.6 	 	    31.8992 	   85.9375
[2021/06/07 21:01:40] -     8 	     5.0 	 	    31.4719 	   86.0259
[2021/06/07 21:01:45] -     9 	     4.7 	 	    30.3283 	   86.5678
[2021/06/07 21:01:49] -    10 	     4.6 	 	    30.4589 	   86.3044
[2021/06/07 21:01:54] -    11 	     4.7 	 	    29.8840 	   86.6929
[2021/06/07 21:01:58] -    12 	     4.5 	 	    28.9907 	   86.9697
[2021/06/07 21:02:03] -    13 	     4.9 	 	    28.8038 	   87.2148
[2021/06/07 21:02:08] -    14 	     4.7 	 	    28.6061 	   87.4133
[2021/06/07 21:02:13] -    15 	     4.9 	 	    27.9627 	   87.5467
[2021/06/07 21:02:18] -    16 	     4.8 	 	    27.8240 	   87.7368
[2021/06/07 21:02:22] -    17 	     4.7 	 	    27.2923 	   87.9069
[2021/06/07 21:02:27] -    18 	     4.9 	 	    27.1714 	   87.8952
[2021/06/07 21:02:32] -    19 	     4.8 	 	    27.6507 	   87.5984
[2021/06/07 21:02:32] - Total train time: 1.5925 minutes
[2021/06/07 21:02:32] - Test Loss 	 Test Acc
[2021/06/07 21:02:33] -   18.4883 	  91.5565
