[2021/06/07 12:27:23] - <__main__.opts object at 0x7f68c761dfd0>
[2021/06/07 12:27:23] - Epoch 	 Seconds 	 	 Train Loss 	 Train Acc
[2021/06/07 12:27:36] -     0 	    12.8 	 	    41.5314 	   78.9554
[2021/06/07 12:27:48] -     1 	    12.6 	 	    19.9723 	   90.2465
[2021/06/07 12:28:01] -     2 	    12.3 	 	    16.3894 	   91.8590
[2021/06/07 12:28:14] -     3 	    13.0 	 	    13.8964 	   93.1830
[2021/06/07 12:28:27] -     4 	    12.8 	 	    12.4386 	   93.8751
[2021/06/07 12:28:39] -     5 	    12.1 	 	    11.2556 	   94.3520
[2021/06/07 12:28:52] -     6 	    12.4 	 	     9.7555 	   95.1441
[2021/06/07 12:29:04] -     7 	    12.4 	 	     8.8063 	   95.5043
[2021/06/07 12:29:17] -     8 	    12.4 	 	     7.6480 	   96.1313
[2021/06/07 12:29:30] -     9 	    12.4 	 	     6.9123 	   96.5598
[2021/06/07 12:29:42] -    10 	    12.8 	 	     5.8403 	   96.9650
[2021/06/07 12:29:55] -    11 	    12.4 	 	     5.0708 	   97.3386
[2021/06/07 12:30:08] -    12 	    12.8 	 	     4.4516 	   97.6537
[2021/06/07 12:30:20] -    13 	    12.2 	 	     3.9856 	   97.9356
[2021/06/07 12:30:33] -    14 	    12.6 	 	     3.5236 	   98.1023
[2021/06/07 12:30:46] -    15 	    12.4 	 	     3.2777 	   98.2524
[2021/06/07 12:30:58] -    16 	    12.3 	 	     3.4409 	   98.1774
[2021/06/07 12:31:11] -    17 	    12.6 	 	     2.9382 	   98.4925
[2021/06/07 12:31:23] -    18 	    12.3 	 	     2.4875 	   98.6943
[2021/06/07 12:31:36] -    19 	    12.3 	 	     2.0688 	   98.9228
[2021/06/07 12:31:36] - Total train time: 4.2197 minutes
[2021/06/07 12:31:36] - Test Loss 	 Test Acc
[2021/06/07 12:31:37] -   16.6217 	  94.2107
